# JRE version: Java(TM) SE Runtime Environment (19.0.2+7) (build 19.0.2+7-44)
# Java VM: Java HotSpot(TM) 64-Bit Server VM (19.0.2+7-44, mixed mode, sharing, tiered, compressed oops, compressed class ptrs, g1 gc, windows-amd64)
GC Precious Log:
 CardTable entry size: 512
 Card Set container configuration: InlinePtr #cards 5 size 8 Array Of Cards #cards 12 size 40 Howl #buckets 4 coarsen threshold 1843 Howl Bitmap #cards 512 size 80 coarsen threshold 460 Card regions per heap region 1 cards per card region 2048
 CPUs: 4 total, 4 available
 Memory: 8107M
 Large Page Support: Disabled
 NUMA Support: Disabled
 Compressed Oops: Enabled (32-bit)
 Heap Region Size: 1M
 Heap Min Capacity: 8M
 Heap Initial Capacity: 128M
 Heap Max Capacity: 1536M
 Pre-touch: Disabled
 Parallel Workers: 4
 Concurrent Workers: 1
 Concurrent Refinement Workers: 4
 Periodic GC: Disabled
Heap:
 garbage-first heap   total 117760K, used 88671K [0x00000000a0000000, 0x0000000100000000)
  region size 1024K, 21 young (21504K), 1 survivors (1024K)
 Metaspace       used 63231K, committed 64960K, reserved 1114112K
  class space    used 8256K, committed 9152K, reserved 1048576K
GC Heap History (20 events):
Event: 475.262 GC heap before
{Heap before GC invocations=22 (full 0):
 garbage-first heap   total 97280K, used 69827K [0x00000000a0000000, 0x0000000100000000)
  region size 1024K, 15 young (15360K), 1 survivors (1024K)
 Metaspace       used 51932K, committed 53440K, reserved 1114112K
  class space    used 6876K, committed 7680K, reserved 1048576K
}
Event: 475.266 GC heap after
{Heap after GC invocations=23 (full 0):
 garbage-first heap   total 97280K, used 56958K [0x00000000a0000000, 0x0000000100000000)
  region size 1024K, 2 young (2048K), 2 survivors (2048K)
 Metaspace       used 51932K, committed 53440K, reserved 1114112K
  class space    used 6876K, committed 7680K, reserved 1048576K
}
Event: 478.929 GC heap before
{Heap before GC invocations=23 (full 0):
 garbage-first heap   total 97280K, used 59006K [0x00000000a0000000, 0x0000000100000000)
  region size 1024K, 4 young (4096K), 2 survivors (2048K)
 Metaspace       used 52370K, committed 53888K, reserved 1114112K
  class space    used 6921K, committed 7744K, reserved 1048576K
}
Event: 478.933 GC heap after
{Heap after GC invocations=24 (full 0):
 garbage-first heap   total 97280K, used 56717K [0x00000000a0000000, 0x0000000100000000)
  region size 1024K, 1 young (1024K), 1 survivors (1024K)
 Metaspace       used 52370K, committed 53888K, reserved 1114112K
  class space    used 6921K, committed 7744K, reserved 1048576K
}
Event: 491.317 GC heap before
{Heap before GC invocations=24 (full 0):
 garbage-first heap   total 97280K, used 78221K [0x00000000a0000000, 0x0000000100000000)
  region size 1024K, 23 young (23552K), 1 survivors (1024K)
 Metaspace       used 55543K, committed 57216K, reserved 1114112K
  class space    used 7358K, committed 8256K, reserved 1048576K
}
Event: 491.322 GC heap after
{Heap after GC invocations=25 (full 0):
 garbage-first heap   total 97280K, used 57854K [0x00000000a0000000, 0x0000000100000000)
  region size 1024K, 2 young (2048K), 2 survivors (2048K)
 Metaspace       used 55543K, committed 57216K, reserved 1114112K
  class space    used 7358K, committed 8256K, reserved 1048576K
}
Event: 498.830 GC heap before
{Heap before GC invocations=25 (full 0):
 garbage-first heap   total 97280K, used 79358K [0x00000000a0000000, 0x0000000100000000)
  region size 1024K, 24 young (24576K), 2 survivors (2048K)
 Metaspace       used 57178K, committed 58816K, reserved 1114112K
  class space    used 7556K, committed 8448K, reserved 1048576K
}
Event: 498.839 GC heap after
{Heap after GC invocations=26 (full 0):
 garbage-first heap   total 97280K, used 60324K [0x00000000a0000000, 0x0000000100000000)
  region size 1024K, 3 young (3072K), 3 survivors (3072K)
 Metaspace       used 57178K, committed 58816K, reserved 1114112K
  class space    used 7556K, committed 8448K, reserved 1048576K
}
Event: 500.645 GC heap before
{Heap before GC invocations=26 (full 0):
 garbage-first heap   total 97280K, used 79780K [0x00000000a0000000, 0x0000000100000000)
  region size 1024K, 22 young (22528K), 3 survivors (3072K)
 Metaspace       used 58656K, committed 60352K, reserved 1114112K
  class space    used 7729K, committed 8640K, reserved 1048576K
}
Event: 500.653 GC heap after
{Heap after GC invocations=27 (full 0):
 garbage-first heap   total 97280K, used 62079K [0x00000000a0000000, 0x0000000100000000)
  region size 1024K, 2 young (2048K), 2 survivors (2048K)
 Metaspace       used 58656K, committed 60352K, reserved 1114112K
  class space    used 7729K, committed 8640K, reserved 1048576K
}
Event: 505.983 GC heap before
{Heap before GC invocations=28 (full 0):
 garbage-first heap   total 107520K, used 79487K [0x00000000a0000000, 0x0000000100000000)
  region size 1024K, 19 young (19456K), 2 survivors (2048K)
 Metaspace       used 60300K, committed 62016K, reserved 1114112K
  class space    used 7915K, committed 8832K, reserved 1048576K
}
Event: 505.987 GC heap after
{Heap after GC invocations=29 (full 0):
 garbage-first heap   total 107520K, used 62545K [0x00000000a0000000, 0x0000000100000000)
  region size 1024K, 3 young (3072K), 3 survivors (3072K)
 Metaspace       used 60300K, committed 62016K, reserved 1114112K
  class space    used 7915K, committed 8832K, reserved 1048576K
}
Event: 506.819 GC heap before
{Heap before GC invocations=29 (full 0):
 garbage-first heap   total 107520K, used 64593K [0x00000000a0000000, 0x0000000100000000)
  region size 1024K, 5 young (5120K), 3 survivors (3072K)
 Metaspace       used 60480K, committed 62208K, reserved 1114112K
  class space    used 7932K, committed 8832K, reserved 1048576K
}
Event: 506.826 GC heap after
{Heap after GC invocations=30 (full 0):
 garbage-first heap   total 107520K, used 62903K [0x00000000a0000000, 0x0000000100000000)
  region size 1024K, 1 young (1024K), 1 survivors (1024K)
 Metaspace       used 60480K, committed 62208K, reserved 1114112K
  class space    used 7932K, committed 8832K, reserved 1048576K
}
Event: 516.169 GC heap before
{Heap before GC invocations=30 (full 0):
 garbage-first heap   total 107520K, used 87479K [0x00000000a0000000, 0x0000000100000000)
  region size 1024K, 26 young (26624K), 1 survivors (1024K)
 Metaspace       used 62358K, committed 64064K, reserved 1114112K
  class space    used 8165K, committed 9088K, reserved 1048576K
}
Event: 516.176 GC heap after
{Heap after GC invocations=31 (full 0):
 garbage-first heap   total 107520K, used 64281K [0x00000000a0000000, 0x0000000100000000)
  region size 1024K, 2 young (2048K), 2 survivors (2048K)
 Metaspace       used 62358K, committed 64064K, reserved 1114112K
  class space    used 8165K, committed 9088K, reserved 1048576K
}
Event: 530.469 GC heap before
{Heap before GC invocations=31 (full 0):
 garbage-first heap   total 107520K, used 88857K [0x00000000a0000000, 0x0000000100000000)
  region size 1024K, 27 young (27648K), 2 survivors (2048K)
 Metaspace       used 62804K, committed 64512K, reserved 1114112K
  class space    used 8205K, committed 9088K, reserved 1048576K
}
Event: 530.478 GC heap after
{Heap after GC invocations=32 (full 0):
 garbage-first heap   total 107520K, used 66644K [0x00000000a0000000, 0x0000000100000000)
  region size 1024K, 4 young (4096K), 4 survivors (4096K)
 Metaspace       used 62804K, committed 64512K, reserved 1114112K
  class space    used 8205K, committed 9088K, reserved 1048576K
}
Event: 530.739 GC heap before
{Heap before GC invocations=32 (full 0):
 garbage-first heap   total 107520K, used 66644K [0x00000000a0000000, 0x0000000100000000)
  region size 1024K, 5 young (5120K), 4 survivors (4096K)
 Metaspace       used 62810K, committed 64512K, reserved 1114112K
  class space    used 8205K, committed 9088K, reserved 1048576K
}
Event: 530.752 GC heap after
{Heap after GC invocations=33 (full 0):
 garbage-first heap   total 107520K, used 67167K [0x00000000a0000000, 0x0000000100000000)
  region size 1024K, 1 young (1024K), 1 survivors (1024K)
 Metaspace       used 62810K, committed 64512K, reserved 1114112K
  class space    used 8205K, committed 9088K, reserved 1048576K
}

